<?xml version="1.0" encoding="UTF-8"?>
<!-- Generated by org.testng.reporters.JUnitReportReporter -->
<testsuite skipped="0" hostname="DESKTOP-B2H6JUI" name="com.maventest.citutorial.GoogleTitleTest" tests="1" failures="0" timestamp="2019-12-14T10:46:51 IST" time="3.923" errors="0">
  <testcase name="verifyGoogleTitle" time="3.923" classname="com.maventest.citutorial.GoogleTitleTest"/>
</testsuite> <!-- com.maventest.citutorial.GoogleTitleTest -->
